<?xml version="1.0" encoding="UTF-8"?>
<testsuite name="models.SquadTest" tests="1" skipped="0" failures="0" errors="0" timestamp="2019-06-23T02:37:55" hostname="moringa-Lenovo-V110-15ISK" time="0.002">
  <properties/>
  <testcase name="addMember_addsMemberToSquad_Hero" classname="models.SquadTest" time="0.002"/>
  <system-out><![CDATA[]]></system-out>
  <system-err><![CDATA[]]></system-err>
</testsuite>
